2025-03-17 00:59:33 - INFO - sap_browser - Iniciando navegador con perfil guardado...
2025-03-17 00:59:35 - INFO - sap_browser - Navegador Chrome iniciado correctamente
2025-03-17 00:59:35 - INFO - sap_browser - Intentando navegar a: https://xalm-prod.x.eu20.alm.cloud.sap/launchpad#iam-ui&/?erpNumber=1025541&crmProjectId=20096444&x-app-name=HEP
2025-03-17 00:59:52 - INFO - sap_browser - URL actual después de navegación: https://login.microsoftonline.com/42f7676c-f455-423c-82f6-dc2d99791af7/saml2?SAMLRequest=fZJRb9sgFIX%2FikWfMRhju0ZOpGzRtEjdFjXZHvZGAadINnhcvGz%2FftTplL6kr%2FAd7jnn0m3m%2BOweza%2FZQMw2ACZE691H72AeTTiY8Nsq8%2F3xYYWeY5xAECKV8rOLkIOccuVHAnIcGLF6SleAsn3w0Ss%2FfLBOW3daoTk44SVYEE6OBkRU4rD58iBYTsXTBQLx%2BXjc4%2F23wxFl22TFOvni4zp18Cfr8tGq4MH30bvBOrOM56xv6qZWuOdVhTkrFb5nfY21Yrptm7aQfXPxiLLddoUOmnPe1GWPTVEbzGlSySel8X2htWzSI7qWCQWYzc5BlC6uEKOswrTERXOklahawau8qvlPlP0wARanKQ7K%2FoyDg%2FcjT6%2F9vMLCAXtfIP9v5argl2JSL%2BfzOT%2BXuQ8nwigtCOUkQcapuytd3qApoe0LrcGe7tC6S07EEjusby27I2%2Bg7mvyutvu%2FWDV3%2ByTD6OMt6MUebGcWI37BRWzg8ko21ujEVl35O1fXP8D&RelayState=__HOST-arcd819d4&SigAlg=http%3A%2F%2Fwww.w3.org%2F2001%2F04%2Fxmldsig-more%23rsa-sha256&Signature=iy62FbZ5TWAzixAh%2Bb0ptg7YN0%2FFjjdsi3FvpcYtwQWsW%2FV73yxKG54tE9h67o9XFdXk%2FM8uIekzv%2BKwe8%2BZyI8tdzj%2FuOdk7vtAqyRY28IEXw43Pw6gy%2BpapxyKKwnQCZJmY%2BUBRbZv1FrG5bDhmmnnKM5nrfrKpomUozLuVsg25P%2BStbM0QENcqjgbkTZnRGiENw%2Fe7A1KaqH%2Fi27oExQdshu%2Fd%2BQZ5R9SmYE9g1Svwl8OoEdPL%2FKvhU3FCPtQNWxua7Gd038BK%2BECyc7FbMcttFIilJS3BTA4dXdyPjPjRGAbCNlW2hvjHQdLTl5sXMYcLCSDZHRMc%2B9nXZ%2BfrQ%3D%3D&sso_reload=true
2025-03-17 00:59:52 - WARNING - sap_browser - Detectada redirección no deseada, intentando navegación por JavaScript
2025-03-17 01:00:01 - INFO - sap_browser - URL después de navegación por JavaScript: https://login.microsoftonline.com/42f7676c-f455-423c-82f6-dc2d99791af7/saml2?SAMLRequest=fZJBb9sgFMe%2FikXPGIzt2EZOpGxRtUjtFjXZDrsRwCmSDS4PL923H3U6pZf0wgF%2BT%2B%2F3f492PYVn%2B6RfJg0hWQNoH4yzX52FadB%2Br%2F0fI%2FXPp4cleg5hBE6IkNJNNkAKYkylGwiIoWfEqDE%2BAUp23gUnXf%2FFWGXsaYkmb7kTYIBbMWjgQfL9%2BvGBs5Ty4wUC%2Fu1w2OHdj%2F0BJZuoYqx487h27d3J2HQw0jtwXXC2N1bP7QvWVYtqIXFXlCUuWC5xzboFVpKppqmaTHTVxREl280S7TWTx0Z0FKuaSVwUdYVrpeORH%2BtaL4rqmImIAkx6ayEIG5aIUVZimuOsOtCSlw0vy7Sk9W%2BU%2FNIeZtMYByWvQ2%2Fh88jj%2B3zeYW6BfV4g%2Fm%2FlWlFcBhPncj6f03OeOn8ijNKM0IJESFt5d6XzGzQltHmjFZjTHVq10YTPsf3q1rJb8gFqv0fX7WbneiP%2FJvfODyLcjpKl2XxjFO5mlE8WRi1NZ7RCZNWSj39x9Q8%3D&RelayState=__HOST-arcc883f2&SigAlg=http%3A%2F%2Fwww.w3.org%2F2001%2F04%2Fxmldsig-more%23rsa-sha256&Signature=bACXjqOA%2BisW93btHYKGEbWDfzejyi%2BPgU3T%2FuGsqEBOOhLfPCzaXyiYh%2BF%2Fq6UTO0fJgvXwb%2B49kORiVH2IknOKqTjA9heJkZgJJ2dHTbGeJf2kA%2B0Tgc7t2hel%2B2IheQ6IP3Nogce242zbMGm7eYURM7c2gfZ%2Bq4nziMf3nABaQBMOV24EOuw5K3Gev6sIDVwxgvLeQxqM7PNtPE21ebwC42gZ2%2FfF8AvFHOC1WvKMrEukW1er5PJwdTbxHDdTQowDqXztAEZtPvydzZNcBtPVDLzg6a7dyr5D6XxiLw%2FIcVyq69HVo%2FcdCQNk%2BNdq%2BCWaXpbYnLm7JiHNwC1YTA%3D%3D
2025-03-17 01:00:01 - WARNING - sap_browser - Redirección persistente, intentando método forzado
2025-03-17 01:00:06 - INFO - sap_browser - URL final después de todos los intentos: https://login.microsoftonline.com/42f7676c-f455-423c-82f6-dc2d99791af7/saml2?SAMLRequest=fZJBb9sgFMe%2FikXPGIzt2EZOpGxRtUjtFjXZDrsRwCmSDS4PL923H3U6pZf0wgF%2BT%2B%2F3f492PYVn%2B6RfJg0hWQNoH4yzX52FadB%2Br%2F0fI%2FXPp4cleg5hBE6IkNJNNkAKYkylGwiIoWfEqDE%2BAUp23gUnXf%2FFWGXsaYkmb7kTYIBbMWjgQfL9%2BvGBs5Ty4wUC%2Fu1w2OHdj%2F0BJZuoYqx487h27d3J2HQw0jtwXXC2N1bP7QvWVYtqIXFXlCUuWC5xzboFVpKppqmaTHTVxREl280S7TWTx0Z0FKuaSVwUdYVrpeORH%2BtaL4rqmImIAkx6ayEIG5aIUVZimuOsOtCSlw0vy7Sk9W%2BU%2FNIeZtMYByWvQ2%2Fh88jj%2B3zeYW6BfV4g%2Fm%2FlWlFcBhPncj6f03OeOn8ijNKM0IJESFt5d6XzGzQltHmjFZjTHVq10YTPsf3q1rJb8gFqv0fX7WbneiP%2FJvfODyLcjpKl2XxjFO5mlE8WRi1NZ7RCZNWSj39x9Q8%3D&RelayState=__HOST-arcc883f2&SigAlg=http%3A%2F%2Fwww.w3.org%2F2001%2F04%2Fxmldsig-more%23rsa-sha256&Signature=bACXjqOA%2BisW93btHYKGEbWDfzejyi%2BPgU3T%2FuGsqEBOOhLfPCzaXyiYh%2BF%2Fq6UTO0fJgvXwb%2B49kORiVH2IknOKqTjA9heJkZgJJ2dHTbGeJf2kA%2B0Tgc7t2hel%2B2IheQ6IP3Nogce242zbMGm7eYURM7c2gfZ%2Bq4nziMf3nABaQBMOV24EOuw5K3Gev6sIDVwxgvLeQxqM7PNtPE21ebwC42gZ2%2FfF8AvFHOC1WvKMrEukW1er5PJwdTbxHDdTQowDqXztAEZtPvydzZNcBtPVDLzg6a7dyr5D6XxiLw%2FIcVyq69HVo%2FcdCQNk%2BNdq%2BCWaXpbYnLm7JiHNwC1YTA%3D%3D#iam-ui&/?erpNumber=1025541&crmProjectId=20096444&x-app-name=HEP
2025-03-17 01:00:06 - INFO - sap_browser - Página cargada completamente
2025-03-17 01:00:06 - INFO - sap_browser - Navegación exitosa a la página deseada
2025-03-17 01:00:06 - INFO - sap_browser - Verificando si se requiere autenticación...
2025-03-17 01:00:06 - INFO - sap_browser - No se requiere autenticación, ya hay una sesión activa
2025-03-17 01:00:15 - INFO - sap_browser - Verificando si los campos ya contienen los valores esperados: Cliente 1025541, Proyecto 20096444
2025-03-17 01:00:15 - INFO - sap_browser - ✓ Campo de proyecto contiene '20096444'
2025-03-17 01:00:15 - INFO - sap_browser - ✓ Project ID '20096444' encontrado en el texto de la página
2025-03-17 01:00:15 - INFO - sap_browser - ✓ Interfaz correcta detectada: //div[contains(@class, 'sapMITBHead')]
2025-03-17 01:00:15 - INFO - sap_browser - ⚠️ No se pudieron confirmar valores esperados en los campos
2025-03-17 01:00:15 - INFO - sap_browser - Seleccionando cliente 1025541 mediante API directa de UI5
2025-03-17 01:00:16 - INFO - sap_browser - Cliente 1025541 ya está seleccionado
2025-03-17 01:00:16 - INFO - sap_browser - Proyecto 20096444 verificado en elemento visible
2025-03-17 01:00:16 - INFO - sap_browser - Intentando hacer clic en el botón de búsqueda...
2025-03-17 01:00:16 - INFO - sap_browser - Clic en botón de búsqueda exitoso con JavaScript
2025-03-17 01:00:19 - INFO - sap_browser - Esperando a que se carguen los resultados de la búsqueda...
2025-03-17 01:00:19 - INFO - sap_browser - Resultados de búsqueda detectados: //div[contains(@class, 'sapMITBHead')]
2025-03-17 01:00:22 - INFO - sap_browser - Resultados de búsqueda cargados correctamente
2025-03-17 01:00:22 - INFO - sap_browser - Intentando hacer clic en el botón de ajustes (engranaje)...
2025-03-17 01:00:25 - INFO - sap_browser - Encontrado botón de ajustes con selector: //button[contains(@id, 'settings')]
2025-03-17 01:00:25 - INFO - sap_browser - Clic en botón de ajustes realizado con JavaScript
