2025-03-17 00:10:58 - INFO - sap_browser - Iniciando navegador con perfil guardado...
2025-03-17 00:11:00 - INFO - sap_browser - Navegador Chrome iniciado correctamente
2025-03-17 00:11:00 - INFO - sap_browser - Intentando navegar a: https://xalm-prod.x.eu20.alm.cloud.sap/launchpad#iam-ui&/?erpNumber=1025541&crmProjectId=20096444&x-app-name=HEP
2025-03-17 00:11:17 - INFO - sap_browser - URL actual después de navegación: https://login.microsoftonline.com/42f7676c-f455-423c-82f6-dc2d99791af7/saml2?SAMLRequest=fZJNj9sgEIb%2FisWeMR%2B24xg5kdJGVSNt22iT9rA3FnAWyQaXwU3778s6u8peshcO8IzmeWdoN1N8dg%2Fm92QgZhsAE6L17rN3MA0mHEz4Y5X5%2BXC%2FQs8xjiAIkUr5yUXIQY658gMBOfScWD2mJ0DZPvjole8%2FWaetO63QFJzwEiwIJwcDIipx2Hy7Fzyn4ukCgfh6PO7x%2FsfhiLJtUrFOvnhcu%2Fb%2BZF0%2BWBU8%2BC5611tn5vYl7%2BpFvVC4K6sKl7xQeMm7BdaK66apGya7%2BuKIst12hQ4V7VhZUIZNw5a41FWNZdE0mKdT03JJtVQJBZjMzkGULq4Qp7zCtMCsPtJKMCboMm8q%2FoiyXybAbJrioOzv0Dv4OPL4Op9XWDjgHxfIt61cK8rLYNJczudzfi5yH06EU8oILUmCjFN3V7q4QVNCmxdagz3doXWbTMQcO6xvLbsl76D2e3Ldbfe%2Bt%2Bpf9sWHQcbbUVjO5hurcTejYnIwGmU7azQi65a8%2F4vr%2Fw%3D%3D&RelayState=__HOST-arc4ad6ec&SigAlg=http%3A%2F%2Fwww.w3.org%2F2001%2F04%2Fxmldsig-more%23rsa-sha256&Signature=XfVfSvFOcqA3nysZJXP54mj%2BhE%2Fcmera4E28SEGBMUNpYocv%2B7SZScRuYNMYCgZXilou2%2FTuboJ4IoGgHA4STU2HqMb4Tf0lZazQwzZw8gBVHkj%2BBhBsVFNiMpqGY6pl4JgOwSrY%2Bi1066xO4lausEHjtCXgn1z76%2B9GV3HxUBvPEbAvP8Rvg4qxNDWb2%2Fbs7hKGkTDik3M%2BNiiDBAF%2FY7w4UrBPc9U0dm07SC%2FrZwuklMiUR8%2FLGF78D51VDgIXZM3PyfUKsj08X%2FiwjHSXLA7hYAC5FE3cOjd3KZ2bgD4DasfAkOFP31xVrobyoIWfRnkOY4T40SXWNVPRcWtLEg%3D%3D&sso_reload=true
2025-03-17 00:11:17 - WARNING - sap_browser - Detectada redirección no deseada, intentando navegación por JavaScript
2025-03-17 00:11:26 - INFO - sap_browser - URL después de navegación por JavaScript: https://login.microsoftonline.com/42f7676c-f455-423c-82f6-dc2d99791af7/saml2?SAMLRequest=fZJRb9sgEMe%2FikWfMRgbO0ZOpGxRtUjtFjXZHvZGME6RbHA5vHTfftTplL6kr%2FA73e9%2Fd816Cs%2F2Sb9MGkKyBtA%2BGGe%2FOgvToP1e%2Bz9G6Z9PD0v0HMIIghCplJtsgBTkmCo3EJBDz4hpx%2FgFKNl5F5xy%2FRdjW2NPSzR5K5wEA8LKQYMISuzXjw%2BCpVQcLxCIb4fDDu9%2B7A8o2UQVY%2BWbx7Vr707GpoNR3oHrgrO9sXpuX7CuKqtS4a7gHBcsV3jBuhK3irV1XdWZ7KqLI0q2myXaFyXlnJcML%2FKsxkVZ5fhYFy3Oas7lgh9l0VYRBZj01kKQNiwRo4xjmuOsOlAuskwwmkb%2BN0p%2BaQ%2BzaYyDkteht%2FB55PF9Pu%2BwsMA%2BL5D%2Ft3KtKC6DiXM5n8%2FpOU%2BdPxFGaUZoQSKkrbq70vkNmhJav9EtmNMdWjXRRMyx%2FerWshvyAWq%2BR9ftZud6o%2F4m984PMtyOkqXZ%2FGJa3M2omCyMWpnO6BaRVUM%2B3uLqHw%3D%3D&RelayState=__HOST-arc001348&SigAlg=http%3A%2F%2Fwww.w3.org%2F2001%2F04%2Fxmldsig-more%23rsa-sha256&Signature=nQ6u2V0UqWubW1d3ZhhK0Lm5%2BCv%2BRyjxRif0m8AYZp%2BT0VwXhXQkpAkl2HQCv%2BeulQM2CqBNzgZKSfeRuQAgYKlwYczM80TooN9xaGjnnfH30oZeNM%2BWmIIygC7gCTNuKw5RId3GXn0mR2xKf07IcvgOs%2Bblpw49LpZ18GGiO8I8Ezg8lxt2LmUutYpgRFqilboN5Z5fnWwUGFvA1lp7XvhIALk%2BGKCa%2BxLySWYJs%2FwdyWzbfjaV5RmVGoQ%2BU9Ey5qhbfnpB01DqD3aMk5UWb5NSHDvTHVYI2LP27A3jsOEcdcstP2rkY7jzU2Yevr1OR8bdtj5cg9hD1s8Yq3lJHQ%3D%3D
2025-03-17 00:11:26 - WARNING - sap_browser - Redirección persistente, intentando método forzado
2025-03-17 00:11:31 - INFO - sap_browser - URL final después de todos los intentos: https://login.microsoftonline.com/42f7676c-f455-423c-82f6-dc2d99791af7/saml2?SAMLRequest=fZJRb9sgEMe%2FikWfMRgbO0ZOpGxRtUjtFjXZHvZGME6RbHA5vHTfftTplL6kr%2FA73e9%2Fd816Cs%2F2Sb9MGkKyBtA%2BGGe%2FOgvToP1e%2Bz9G6Z9PD0v0HMIIghCplJtsgBTkmCo3EJBDz4hpx%2FgFKNl5F5xy%2FRdjW2NPSzR5K5wEA8LKQYMISuzXjw%2BCpVQcLxCIb4fDDu9%2B7A8o2UQVY%2BWbx7Vr707GpoNR3oHrgrO9sXpuX7CuKqtS4a7gHBcsV3jBuhK3irV1XdWZ7KqLI0q2myXaFyXlnJcML%2FKsxkVZ5fhYFy3Oas7lgh9l0VYRBZj01kKQNiwRo4xjmuOsOlAuskwwmkb%2BN0p%2BaQ%2BzaYyDkteht%2FB55PF9Pu%2BwsMA%2BL5D%2Ft3KtKC6DiXM5n8%2FpOU%2BdPxFGaUZoQSKkrbq70vkNmhJav9EtmNMdWjXRRMyx%2FerWshvyAWq%2BR9ftZud6o%2F4m984PMtyOkqXZ%2FGJa3M2omCyMWpnO6BaRVUM%2B3uLqHw%3D%3D&RelayState=__HOST-arc001348&SigAlg=http%3A%2F%2Fwww.w3.org%2F2001%2F04%2Fxmldsig-more%23rsa-sha256&Signature=nQ6u2V0UqWubW1d3ZhhK0Lm5%2BCv%2BRyjxRif0m8AYZp%2BT0VwXhXQkpAkl2HQCv%2BeulQM2CqBNzgZKSfeRuQAgYKlwYczM80TooN9xaGjnnfH30oZeNM%2BWmIIygC7gCTNuKw5RId3GXn0mR2xKf07IcvgOs%2Bblpw49LpZ18GGiO8I8Ezg8lxt2LmUutYpgRFqilboN5Z5fnWwUGFvA1lp7XvhIALk%2BGKCa%2BxLySWYJs%2FwdyWzbfjaV5RmVGoQ%2BU9Ey5qhbfnpB01DqD3aMk5UWb5NSHDvTHVYI2LP27A3jsOEcdcstP2rkY7jzU2Yevr1OR8bdtj5cg9hD1s8Yq3lJHQ%3D%3D#iam-ui&/?erpNumber=1025541&crmProjectId=20096444&x-app-name=HEP
2025-03-17 00:11:31 - INFO - sap_browser - Página cargada completamente
2025-03-17 00:11:31 - INFO - sap_browser - Navegación exitosa a la página deseada
2025-03-17 00:11:31 - INFO - sap_browser - Verificando si se requiere autenticación...
2025-03-17 00:11:31 - INFO - sap_browser - No se requiere autenticación, ya hay una sesión activa
2025-03-17 00:11:42 - INFO - sap_browser - Seleccionando cliente 1025541 mediante API directa de UI5
2025-03-17 00:11:42 - INFO - sap_browser - Cliente 1025541 ya está seleccionado
2025-03-17 00:11:42 - INFO - sap_browser - Proyecto 20096444 verificado en elemento visible
2025-03-17 00:11:42 - INFO - sap_browser - Intentando hacer clic en el botón de búsqueda...
2025-03-17 00:11:42 - INFO - sap_browser - Clic en botón de búsqueda exitoso con JavaScript
2025-03-17 00:11:45 - INFO - sap_browser - Esperando a que se carguen los resultados de la búsqueda...
2025-03-17 00:11:45 - INFO - sap_browser - Resultados de búsqueda detectados: //div[contains(@class, 'sapMITBHead')]
2025-03-17 00:11:48 - INFO - sap_browser - Resultados de búsqueda cargados correctamente
2025-03-17 00:11:48 - INFO - sap_browser - Intentando hacer clic en el botón de ajustes (engranaje)...
2025-03-17 00:11:48 - INFO - sap_browser - Clic en botón de ajustes exitoso con JavaScript
